2023-10-04 19:41:48 23148 [Note] Plugin 'FEDERATED' is disabled.
2023-10-04 19:41:48 23148 [Note] InnoDB: The InnoDB memory heap is disabled
2023-10-04 19:41:48 23148 [Note] InnoDB: Mutexes and rw_locks use Windows interlocked functions
2023-10-04 19:41:48 23148 [Note] InnoDB: Compressed tables use zlib 1.2.3
2023-10-04 19:41:48 23148 [Note] InnoDB: Not using CPU crc32 instructions
2023-10-04 19:41:48 23148 [Note] InnoDB: Initializing buffer pool, size = 128.0M
2023-10-04 19:41:48 23148 [Note] InnoDB: Completed initialization of buffer pool
2023-10-04 19:41:48 23148 [Note] InnoDB: Setting log file C:\Users\Admin\Music\schoolfuckyou\mysql\data\ib_logfile101 size to 5 MB
2023-10-04 19:41:49 23148 [Note] InnoDB: Setting log file C:\Users\Admin\Music\schoolfuckyou\mysql\data\ib_logfile1 size to 5 MB
2023-10-04 19:41:49 23148 [Note] InnoDB: Renaming log file C:\Users\Admin\Music\schoolfuckyou\mysql\data\ib_logfile101 to C:\Users\Admin\Music\schoolfuckyou\mysql\data\ib_logfile0
2023-10-04 19:41:49 23148 [Warning] InnoDB: New log files created, LSN=1626134
2023-10-04 19:41:49 23148 [Note] InnoDB: Highest supported file format is Barracuda.
2023-10-04 19:41:49 23148 [Note] InnoDB: 128 rollback segment(s) are active.
2023-10-04 19:41:49 23148 [Note] InnoDB: Waiting for purge to start
2023-10-04 19:41:49 23148 [Note] InnoDB: 5.6.13 started; log sequence number 1626636
2023-10-04 19:41:49 23148 [Warning] No existing UUID has been found, so we assume that this is the first time that this server has been started. Generating a new UUID: 186f9bfa-6281-11ee-bfd9-00090ffe0001.
2023-10-04 19:41:49 23148 [Note] Server hostname (bind-address): '*'; port: 3307
2023-10-04 19:41:49 23148 [Note] IPv6 is available.
2023-10-04 19:41:49 23148 [Note]   - '::' resolves to '::';
2023-10-04 19:41:49 23148 [Note] Server socket created on IP: '::'.
2023-10-04 22:25:21 10652 [Note] Plugin 'FEDERATED' is disabled.
2023-10-04 22:25:21 10652 [Note] InnoDB: The InnoDB memory heap is disabled
2023-10-04 22:25:21 10652 [Note] InnoDB: Mutexes and rw_locks use Windows interlocked functions
2023-10-04 22:25:21 10652 [Note] InnoDB: Compressed tables use zlib 1.2.3
2023-10-04 22:25:21 10652 [Note] InnoDB: Not using CPU crc32 instructions
2023-10-04 22:25:21 10652 [Note] InnoDB: Initializing buffer pool, size = 128.0M
2023-10-04 22:25:21 10652 [Note] InnoDB: Completed initialization of buffer pool
2023-10-04 22:25:21 10652 [Note] InnoDB: Highest supported file format is Barracuda.
2023-10-04 22:25:21 10652 [Note] InnoDB: The log sequence numbers 1626134 and 1626134 in ibdata files do not match the log sequence number 1626646 in the ib_logfiles!
2023-10-04 22:25:21 10652 [Note] InnoDB: Database was not shutdown normally!
2023-10-04 22:25:21 10652 [Note] InnoDB: Starting crash recovery.
2023-10-04 22:25:21 10652 [Note] InnoDB: Reading tablespace information from the .ibd files...
2023-10-04 22:25:21 10652 [Note] InnoDB: Restoring possible half-written data pages 
2023-10-04 22:25:21 10652 [Note] InnoDB: from the doublewrite buffer...
2023-10-04 22:25:22 10652 [Note] InnoDB: 128 rollback segment(s) are active.
2023-10-04 22:25:22 10652 [Note] InnoDB: Waiting for purge to start
2023-10-04 22:25:22 10652 [Note] InnoDB: 5.6.13 started; log sequence number 1626646
2023-10-04 22:25:22 10652 [Note] Server hostname (bind-address): '*'; port: 3307
2023-10-04 22:25:22 10652 [Note] IPv6 is available.
2023-10-04 22:25:22 10652 [Note]   - '::' resolves to '::';
2023-10-04 22:25:22 10652 [Note] Server socket created on IP: '::'.
2023-10-04 23:07:41 1048 [Note] Plugin 'FEDERATED' is disabled.
2023-10-04 23:07:41 1048 [Note] InnoDB: The InnoDB memory heap is disabled
2023-10-04 23:07:41 1048 [Note] InnoDB: Mutexes and rw_locks use Windows interlocked functions
2023-10-04 23:07:41 1048 [Note] InnoDB: Compressed tables use zlib 1.2.3
2023-10-04 23:07:41 1048 [Note] InnoDB: Not using CPU crc32 instructions
2023-10-04 23:07:41 1048 [Note] InnoDB: Initializing buffer pool, size = 128.0M
2023-10-04 23:07:41 1048 [Note] InnoDB: Completed initialization of buffer pool
2023-10-04 23:07:41 1048 [Note] InnoDB: Highest supported file format is Barracuda.
2023-10-04 23:07:41 1048 [Note] InnoDB: The log sequence numbers 1626134 and 1626134 in ibdata files do not match the log sequence number 1646963 in the ib_logfiles!
2023-10-04 23:07:41 1048 [Note] InnoDB: Database was not shutdown normally!
2023-10-04 23:07:41 1048 [Note] InnoDB: Starting crash recovery.
2023-10-04 23:07:41 1048 [Note] InnoDB: Reading tablespace information from the .ibd files...
2023-10-04 23:07:41 1048 [Note] InnoDB: Restoring possible half-written data pages 
2023-10-04 23:07:41 1048 [Note] InnoDB: from the doublewrite buffer...
2023-10-04 23:07:41 1048 [Note] InnoDB: 128 rollback segment(s) are active.
2023-10-04 23:07:41 1048 [Note] InnoDB: Waiting for purge to start
2023-10-04 23:07:42 1048 [Note] InnoDB: 5.6.13 started; log sequence number 1646963
2023-10-04 23:07:42 1048 [Note] Server hostname (bind-address): '*'; port: 3307
2023-10-04 23:07:42 1048 [Note] IPv6 is available.
2023-10-04 23:07:42 1048 [Note]   - '::' resolves to '::';
2023-10-04 23:07:42 1048 [Note] Server socket created on IP: '::'.
2023-10-04 23:39:31 21240 [Note] Plugin 'FEDERATED' is disabled.
2023-10-04 23:39:31 21240 [Note] InnoDB: The InnoDB memory heap is disabled
2023-10-04 23:39:31 21240 [Note] InnoDB: Mutexes and rw_locks use Windows interlocked functions
2023-10-04 23:39:31 21240 [Note] InnoDB: Compressed tables use zlib 1.2.3
2023-10-04 23:39:31 21240 [Note] InnoDB: Not using CPU crc32 instructions
2023-10-04 23:39:31 21240 [Note] InnoDB: Initializing buffer pool, size = 128.0M
2023-10-04 23:39:31 21240 [Note] InnoDB: Completed initialization of buffer pool
2023-10-04 23:39:31 21240 [Note] InnoDB: Highest supported file format is Barracuda.
2023-10-04 23:39:31 21240 [Note] InnoDB: The log sequence numbers 1626134 and 1626134 in ibdata files do not match the log sequence number 1676597 in the ib_logfiles!
2023-10-04 23:39:31 21240 [Note] InnoDB: Database was not shutdown normally!
2023-10-04 23:39:31 21240 [Note] InnoDB: Starting crash recovery.
2023-10-04 23:39:31 21240 [Note] InnoDB: Reading tablespace information from the .ibd files...
2023-10-04 23:39:32 21240 [Note] InnoDB: Restoring possible half-written data pages 
2023-10-04 23:39:32 21240 [Note] InnoDB: from the doublewrite buffer...
2023-10-04 23:39:32 21240 [Note] InnoDB: 128 rollback segment(s) are active.
2023-10-04 23:39:32 21240 [Note] InnoDB: Waiting for purge to start
2023-10-04 23:39:32 21240 [Note] InnoDB: 5.6.13 started; log sequence number 1676597
2023-10-04 23:39:32 21240 [Note] Server hostname (bind-address): '*'; port: 3307
2023-10-04 23:39:32 21240 [Note] IPv6 is available.
2023-10-04 23:39:32 21240 [Note]   - '::' resolves to '::';
2023-10-04 23:39:32 21240 [Note] Server socket created on IP: '::'.
2023-10-04 23:39:32 21240 [Note] Event Scheduler: Loaded 0 events
2023-10-04 23:39:32 21240 [Note] C:\Users\Admin\Documents\GitHub\L3DTS-Web_Design-19039/mysql/bin/mysqld_usbwv8.exe: ready for connections.
Version: '5.6.13'  socket: ''  port: 3307  MySQL Community Server (GPL)
2023-10-07 21:36:31 4636 [Note] Plugin 'FEDERATED' is disabled.
2023-10-07 21:36:31 4636 [Note] InnoDB: The InnoDB memory heap is disabled
2023-10-07 21:36:31 4636 [Note] InnoDB: Mutexes and rw_locks use Windows interlocked functions
2023-10-07 21:36:31 4636 [Note] InnoDB: Compressed tables use zlib 1.2.3
2023-10-07 21:36:31 4636 [Note] InnoDB: Not using CPU crc32 instructions
2023-10-07 21:36:31 4636 [Note] InnoDB: Initializing buffer pool, size = 128.0M
2023-10-07 21:36:31 4636 [Note] InnoDB: Completed initialization of buffer pool
2023-10-07 21:36:31 4636 [Note] InnoDB: Highest supported file format is Barracuda.
2023-10-07 21:36:31 4636 [Note] InnoDB: The log sequence numbers 1626134 and 1626134 in ibdata files do not match the log sequence number 1925723 in the ib_logfiles!
2023-10-07 21:36:31 4636 [Note] InnoDB: Database was not shutdown normally!
2023-10-07 21:36:31 4636 [Note] InnoDB: Starting crash recovery.
2023-10-07 21:36:31 4636 [Note] InnoDB: Reading tablespace information from the .ibd files...
2023-10-07 21:36:31 4636 [Note] InnoDB: Restoring possible half-written data pages 
2023-10-07 21:36:31 4636 [Note] InnoDB: from the doublewrite buffer...
2023-10-07 21:36:31 4636 [Note] InnoDB: 128 rollback segment(s) are active.
2023-10-07 21:36:31 4636 [Note] InnoDB: Waiting for purge to start
2023-10-07 21:36:31 4636 [Note] InnoDB: 5.6.13 started; log sequence number 1925723
2023-10-07 21:36:31 4636 [Note] Server hostname (bind-address): '*'; port: 3307
2023-10-07 21:36:31 4636 [Note] IPv6 is available.
2023-10-07 21:36:31 4636 [Note]   - '::' resolves to '::';
2023-10-07 21:36:31 4636 [Note] Server socket created on IP: '::'.
